running egg_info
creating ../../build/ur10/ur10.egg-info
writing ../../build/ur10/ur10.egg-info/PKG-INFO
writing dependency_links to ../../build/ur10/ur10.egg-info/dependency_links.txt
writing entry points to ../../build/ur10/ur10.egg-info/entry_points.txt
writing requirements to ../../build/ur10/ur10.egg-info/requires.txt
writing top-level names to ../../build/ur10/ur10.egg-info/top_level.txt
writing manifest file '../../build/ur10/ur10.egg-info/SOURCES.txt'
reading manifest file '../../build/ur10/ur10.egg-info/SOURCES.txt'
writing manifest file '../../build/ur10/ur10.egg-info/SOURCES.txt'
running build
running build_py
creating /home/zzy/UR10_sim/build/ur10/build
creating /home/zzy/UR10_sim/build/ur10/build/lib
creating /home/zzy/UR10_sim/build/ur10/build/lib/ur10
copying ur10/python.py -> /home/zzy/UR10_sim/build/ur10/build/lib/ur10
copying ur10/__init__.py -> /home/zzy/UR10_sim/build/ur10/build/lib/ur10
running install
running install_lib
creating /home/zzy/UR10_sim/install/ur10/lib/python3.10/site-packages/ur10
copying /home/zzy/UR10_sim/build/ur10/build/lib/ur10/python.py -> /home/zzy/UR10_sim/install/ur10/lib/python3.10/site-packages/ur10
copying /home/zzy/UR10_sim/build/ur10/build/lib/ur10/__init__.py -> /home/zzy/UR10_sim/install/ur10/lib/python3.10/site-packages/ur10
byte-compiling /home/zzy/UR10_sim/install/ur10/lib/python3.10/site-packages/ur10/python.py to python.cpython-310.pyc
byte-compiling /home/zzy/UR10_sim/install/ur10/lib/python3.10/site-packages/ur10/__init__.py to __init__.cpython-310.pyc
running install_data
creating /home/zzy/UR10_sim/install/ur10/share/ament_index
creating /home/zzy/UR10_sim/install/ur10/share/ament_index/resource_index
creating /home/zzy/UR10_sim/install/ur10/share/ament_index/resource_index/packages
copying resource/ur10 -> /home/zzy/UR10_sim/install/ur10/share/ament_index/resource_index/packages
copying package.xml -> /home/zzy/UR10_sim/install/ur10/share/ur10
running install_egg_info
Copying ../../build/ur10/ur10.egg-info to /home/zzy/UR10_sim/install/ur10/lib/python3.10/site-packages/ur10-0.0.0-py3.10.egg-info
running install_scripts
writing list of installed files to '/home/zzy/UR10_sim/build/ur10/install.log'
