running egg_info
writing ../../build/ur10/ur10.egg-info/PKG-INFO
writing dependency_links to ../../build/ur10/ur10.egg-info/dependency_links.txt
writing entry points to ../../build/ur10/ur10.egg-info/entry_points.txt
writing requirements to ../../build/ur10/ur10.egg-info/requires.txt
writing top-level names to ../../build/ur10/ur10.egg-info/top_level.txt
reading manifest file '../../build/ur10/ur10.egg-info/SOURCES.txt'
writing manifest file '../../build/ur10/ur10.egg-info/SOURCES.txt'
running build
running build_py
copying ur10/test.py -> /home/zzy/UR10_sim/build/ur10/build/lib/ur10
copying ur10/python.py -> /home/zzy/UR10_sim/build/ur10/build/lib/ur10
running install
running install_lib
copying /home/zzy/UR10_sim/build/ur10/build/lib/ur10/test.py -> /home/zzy/UR10_sim/install/ur10/lib/python3.10/site-packages/ur10
copying /home/zzy/UR10_sim/build/ur10/build/lib/ur10/python.py -> /home/zzy/UR10_sim/install/ur10/lib/python3.10/site-packages/ur10
byte-compiling /home/zzy/UR10_sim/install/ur10/lib/python3.10/site-packages/ur10/test.py to test.cpython-310.pyc
byte-compiling /home/zzy/UR10_sim/install/ur10/lib/python3.10/site-packages/ur10/python.py to python.cpython-310.pyc
running install_data
running install_egg_info
removing '/home/zzy/UR10_sim/install/ur10/lib/python3.10/site-packages/ur10-0.0.0-py3.10.egg-info' (and everything under it)
Copying ../../build/ur10/ur10.egg-info to /home/zzy/UR10_sim/install/ur10/lib/python3.10/site-packages/ur10-0.0.0-py3.10.egg-info
running install_scripts
writing list of installed files to '/home/zzy/UR10_sim/build/ur10/install.log'
