[0.510s] Invoking command in '/home/zzy/UR10_sim/src/ur10': CONDA_PROMPT_MODIFIER=(mujoco_env) PYTHONPATH=/home/zzy/UR10_sim/build/ur10/prefix_override:/home/zzy/UR10_sim/install/ur10/lib/python3.10/site-packages:${PYTHONPATH} /usr/bin/python3 setup.py egg_info --egg-base ../../build/ur10 build --build-base /home/zzy/UR10_sim/build/ur10/build install --record /home/zzy/UR10_sim/build/ur10/install.log --single-version-externally-managed
[0.652s] running egg_info
[0.653s] writing ../../build/ur10/ur10.egg-info/PKG-INFO
[0.653s] writing dependency_links to ../../build/ur10/ur10.egg-info/dependency_links.txt
[0.653s] writing entry points to ../../build/ur10/ur10.egg-info/entry_points.txt
[0.653s] writing requirements to ../../build/ur10/ur10.egg-info/requires.txt
[0.653s] writing top-level names to ../../build/ur10/ur10.egg-info/top_level.txt
[0.654s] reading manifest file '../../build/ur10/ur10.egg-info/SOURCES.txt'
[0.661s] writing manifest file '../../build/ur10/ur10.egg-info/SOURCES.txt'
[0.661s] running build
[0.661s] running build_py
[0.661s] copying ur10/test.py -> /home/zzy/UR10_sim/build/ur10/build/lib/ur10
[0.662s] copying ur10/python.py -> /home/zzy/UR10_sim/build/ur10/build/lib/ur10
[0.662s] running install
[0.663s] /usr/lib/python3/dist-packages/setuptools/command/install.py:34: SetuptoolsDeprecationWarning: setup.py install is deprecated. Use build and pip and other standards-based tools.
[0.663s]   warnings.warn(
[0.663s] running install_lib
[0.663s] copying /home/zzy/UR10_sim/build/ur10/build/lib/ur10/test.py -> /home/zzy/UR10_sim/install/ur10/lib/python3.10/site-packages/ur10
[0.663s] copying /home/zzy/UR10_sim/build/ur10/build/lib/ur10/python.py -> /home/zzy/UR10_sim/install/ur10/lib/python3.10/site-packages/ur10
[0.664s] byte-compiling /home/zzy/UR10_sim/install/ur10/lib/python3.10/site-packages/ur10/test.py to test.cpython-310.pyc
[0.666s] byte-compiling /home/zzy/UR10_sim/install/ur10/lib/python3.10/site-packages/ur10/python.py to python.cpython-310.pyc
[0.667s] running install_data
[0.667s] running install_egg_info
[0.669s] removing '/home/zzy/UR10_sim/install/ur10/lib/python3.10/site-packages/ur10-0.0.0-py3.10.egg-info' (and everything under it)
[0.669s] Copying ../../build/ur10/ur10.egg-info to /home/zzy/UR10_sim/install/ur10/lib/python3.10/site-packages/ur10-0.0.0-py3.10.egg-info
[0.669s] running install_scripts
[0.682s] writing list of installed files to '/home/zzy/UR10_sim/build/ur10/install.log'
[0.696s] Invoked command in '/home/zzy/UR10_sim/src/ur10' returned '0': CONDA_PROMPT_MODIFIER=(mujoco_env) PYTHONPATH=/home/zzy/UR10_sim/build/ur10/prefix_override:/home/zzy/UR10_sim/install/ur10/lib/python3.10/site-packages:${PYTHONPATH} /usr/bin/python3 setup.py egg_info --egg-base ../../build/ur10 build --build-base /home/zzy/UR10_sim/build/ur10/build install --record /home/zzy/UR10_sim/build/ur10/install.log --single-version-externally-managed
